TN:
SF:src/request.client.ts
FN:30,createRequestClient
FN:48,createRequestClientFromEnv
FNF:2
FNH:2
FNDA:15,createRequestClient
FNDA:2,createRequestClientFromEnv
DA:31,15
DA:32,15
DA:49,2
DA:51,2
DA:52,2
DA:53,2
DA:54,2
LF:7
LH:7
BRDA:49,0,0,2
BRDA:49,0,1,0
BRDA:51,1,0,2
BRDA:51,1,1,1
BRDA:52,2,0,2
BRDA:52,2,1,1
BRDA:53,3,0,2
BRDA:53,3,1,1
BRF:8
BRH:7
end_of_record
TN:
SF:src/core/auth/credential-header.builder.ts
FN:7,buildCredentialHeaders
FNF:1
FNH:1
FNDA:27,buildCredentialHeaders
DA:8,27
DA:9,27
DA:10,27
DA:11,27
DA:12,27
LF:5
LH:5
BRDA:9,0,0,2
BRDA:9,0,1,25
BRDA:10,1,0,2
BRDA:10,1,1,25
BRDA:11,2,0,2
BRDA:11,2,1,25
BRF:6
BRH:6
end_of_record
TN:
SF:src/core/config/request-environment.config.ts
FNF:0
FNH:0
DA:1,12
LF:1
LH:1
BRF:0
BRH:0
end_of_record
TN:
SF:src/core/errors/request-api.error.ts
FN:41,(anonymous_0)
FN:55,(anonymous_1)
FN:82,normaliseHeaders
FN:112,parseRetryAfter
FN:140,buildRequestApiError
FN:167,isRequestApiError
FNF:6
FNH:5
FNDA:10,(anonymous_0)
FNDA:0,(anonymous_1)
FNDA:10,normaliseHeaders
FNDA:28,parseRetryAfter
FNDA:10,buildRequestApiError
FNDA:29,isRequestApiError
DA:28,28
DA:42,10
DA:43,10
DA:44,10
DA:45,10
DA:46,10
DA:47,10
DA:48,10
DA:49,10
DA:50,10
DA:51,10
DA:52,10
DA:56,0
DA:72,28
DA:73,28
DA:74,28
DA:83,10
DA:84,0
DA:87,10
DA:88,0
DA:89,0
DA:96,10
DA:113,28
DA:114,17
DA:117,11
DA:118,11
DA:119,10
DA:122,1
DA:123,1
DA:124,0
DA:127,1
DA:128,1
DA:141,10
DA:142,10
DA:143,10
DA:144,10
DA:146,10
DA:147,10
DA:149,10
DA:150,10
DA:152,10
DA:168,29
LF:42
LH:37
BRDA:83,0,0,0
BRDA:83,0,1,10
BRDA:87,1,0,0
BRDA:87,1,1,10
BRDA:113,2,0,17
BRDA:113,2,1,11
BRDA:118,3,0,10
BRDA:118,3,1,1
BRDA:123,4,0,0
BRDA:123,4,1,1
BRDA:128,5,0,1
BRDA:128,5,1,0
BRDA:146,6,0,1
BRDA:146,6,1,9
BRDA:146,7,0,10
BRDA:146,7,1,1
BRDA:147,8,0,9
BRDA:147,8,1,1
BRDA:147,9,0,10
BRDA:147,9,1,9
BRDA:147,10,0,1
BRDA:147,10,1,0
BRDA:149,11,0,1
BRDA:149,11,1,9
BRDA:168,12,0,29
BRDA:168,12,1,14
BRDA:168,12,2,0
BRDA:168,12,3,0
BRF:28
BRH:21
end_of_record
TN:
SF:src/core/http/client.factory.ts
FN:47,buildTelemetryHeaders
FN:54,buildHeaders
FN:62,asRecord
FN:69,mapToError
FN:97,createHttpClient
FN:107,buildBaseInterceptors
FN:129,dispatch
FN:134,(anonymous_7)
FN:139,request
FN:162,(anonymous_9)
FN:163,(anonymous_10)
FN:164,(anonymous_11)
FN:165,(anonymous_12)
FN:166,(anonymous_13)
FN:170,(anonymous_14)
FN:171,(anonymous_15)
FN:172,(anonymous_16)
FNF:17
FNH:11
FNDA:25,buildTelemetryHeaders
FNDA:25,buildHeaders
FNDA:19,asRecord
FNDA:11,mapToError
FNDA:25,createHttpClient
FNDA:70,buildBaseInterceptors
FNDA:70,dispatch
FNDA:75,(anonymous_7)
FNDA:70,request
FNDA:11,(anonymous_9)
FNDA:0,(anonymous_10)
FNDA:0,(anonymous_11)
FNDA:0,(anonymous_12)
FNDA:0,(anonymous_13)
FNDA:0,(anonymous_14)
FNDA:0,(anonymous_15)
FNDA:60,(anonymous_16)
DA:45,27
DA:48,25
DA:49,25
DA:50,25
DA:51,25
DA:55,25
DA:63,19
DA:64,18
DA:66,1
DA:70,11
DA:71,11
DA:72,11
DA:74,11
DA:75,9
DA:76,9
DA:82,9
DA:83,1
DA:85,8
DA:88,10
DA:94,11
DA:98,25
DA:99,25
DA:100,25
DA:101,25
DA:103,25
DA:104,25
DA:105,25
DA:108,70
DA:109,70
DA:114,70
DA:115,10
DA:117,70
DA:120,25
DA:131,70
DA:132,70
DA:133,70
DA:134,75
DA:135,70
DA:136,70
DA:140,70
DA:141,70
DA:142,70
DA:143,70
DA:152,70
DA:153,69
DA:154,70
DA:155,11
DA:157,58
DA:160,25
DA:162,11
DA:163,0
DA:164,0
DA:165,0
DA:167,0
DA:168,0
DA:170,0
DA:171,0
DA:172,60
LF:58
LH:51
BRDA:49,0,0,1
BRDA:49,0,1,24
BRDA:50,1,0,1
BRDA:50,1,1,24
BRDA:50,2,0,1
BRDA:50,2,1,0
BRDA:57,3,0,25
BRDA:57,3,1,0
BRDA:58,4,0,25
BRDA:58,4,1,25
BRDA:63,5,0,18
BRDA:63,5,1,1
BRDA:63,6,0,19
BRDA:63,6,1,18
BRDA:63,6,2,1
BRDA:74,7,0,9
BRDA:74,7,1,2
BRDA:74,8,0,11
BRDA:74,8,1,11
BRDA:78,9,0,9
BRDA:78,9,1,0
BRDA:82,10,0,1
BRDA:82,10,1,8
BRDA:92,11,0,10
BRDA:92,11,1,9
BRDA:97,12,0,25
BRDA:98,13,0,25
BRDA:98,13,1,0
BRDA:99,14,0,25
BRDA:99,14,1,18
BRDA:100,15,0,25
BRDA:100,15,1,24
BRDA:103,16,0,25
BRDA:103,16,1,25
BRDA:104,17,0,25
BRDA:104,17,1,22
BRDA:104,18,0,0
BRDA:104,18,1,22
BRDA:108,19,0,70
BRDA:108,19,1,69
BRDA:110,20,0,70
BRDA:110,20,1,61
BRDA:111,21,0,70
BRDA:111,21,1,70
BRDA:112,22,0,70
BRDA:112,22,1,70
BRDA:114,23,0,10
BRDA:114,23,1,60
BRDA:131,24,0,70
BRDA:131,24,1,70
BRDA:140,25,0,70
BRDA:140,25,1,68
BRDA:142,26,0,70
BRDA:142,26,1,0
BRDA:142,27,0,70
BRDA:142,27,1,70
BRDA:154,28,0,11
BRDA:154,28,1,59
BRDA:162,29,0,11
BRDA:162,29,1,8
BRDA:163,30,0,0
BRDA:163,30,1,0
BRDA:164,31,0,0
BRDA:164,31,1,0
BRDA:165,32,0,0
BRDA:165,32,1,0
BRDA:167,33,0,0
BRDA:167,33,1,0
BRDA:170,34,0,0
BRDA:170,34,1,0
BRDA:171,35,0,0
BRDA:171,35,1,0
BRF:72
BRH:54
end_of_record
TN:
SF:src/core/http/http.types.ts
FN:98,toQueryItems
FN:100,(anonymous_1)
FN:103,resolveQuerySerializer
FN:105,(anonymous_3)
FN:111,(anonymous_4)
FN:121,buildUrl
FN:137,(anonymous_6)
FN:141,(anonymous_7)
FN:150,composeInterceptors
FN:151,(anonymous_9)
FN:152,(anonymous_10)
FNF:11
FNH:11
FNDA:33,toQueryItems
FNDA:35,(anonymous_1)
FNDA:19,resolveQuerySerializer
FNDA:32,(anonymous_3)
FNDA:1,(anonymous_4)
FNDA:70,buildUrl
FNDA:32,(anonymous_6)
FNDA:3,(anonymous_7)
FNDA:71,composeInterceptors
FNDA:142,(anonymous_9)
FNDA:147,(anonymous_10)
DA:99,33
DA:100,35
DA:104,19
DA:105,17
DA:106,32
DA:107,32
DA:110,2
DA:111,1
DA:112,1
DA:113,1
DA:114,2
DA:118,1
DA:122,70
DA:123,70
DA:124,70
DA:126,70
DA:128,19
DA:129,19
DA:131,19
DA:132,34
DA:133,34
DA:134,34
DA:138,32
DA:139,32
DA:142,3
DA:147,19
DA:151,71
DA:152,147
LF:28
LH:28
BRDA:99,0,0,2
BRDA:99,0,1,31
BRDA:104,1,0,17
BRDA:104,1,1,2
BRDA:104,2,0,19
BRDA:104,2,1,2
BRDA:110,3,0,1
BRDA:110,3,1,1
BRDA:122,4,0,0
BRDA:122,4,1,70
BRDA:123,5,0,70
BRDA:123,5,1,0
BRDA:126,6,0,51
BRDA:126,6,1,19
BRDA:133,7,0,0
BRDA:133,7,1,34
BRDA:150,8,0,71
BRF:17
BRH:14
end_of_record
TN:
SF:src/core/http/operation.helper.ts
FN:24,requestJson
FN:98,requestVoid
FNF:2
FNH:2
FNDA:56,requestJson
FNDA:4,requestVoid
DA:39,56
DA:41,56
DA:43,56
DA:44,56
DA:45,19
DA:51,19
DA:52,1
DA:54,18
DA:57,55
DA:58,56
DA:64,56
DA:75,46
DA:76,2
DA:79,44
DA:80,44
DA:81,40
DA:99,4
DA:101,4
DA:103,4
DA:104,4
DA:105,1
DA:111,1
DA:112,0
DA:114,1
DA:117,4
DA:118,4
DA:124,4
LF:27
LH:26
BRDA:44,0,0,19
BRDA:44,0,1,37
BRDA:44,1,0,56
BRDA:44,1,1,55
BRDA:44,1,2,19
BRDA:48,2,0,19
BRDA:48,2,1,1
BRDA:51,3,0,1
BRDA:51,3,1,18
BRDA:57,4,0,55
BRDA:57,4,1,54
BRDA:59,5,0,56
BRDA:59,5,1,54
BRDA:75,6,0,2
BRDA:75,6,1,44
BRDA:80,7,0,4
BRDA:80,7,1,40
BRDA:104,8,0,1
BRDA:104,8,1,3
BRDA:104,9,0,4
BRDA:104,9,1,3
BRDA:104,9,2,1
BRDA:111,10,0,0
BRDA:111,10,1,1
BRDA:117,11,0,4
BRDA:117,11,1,3
BRDA:119,12,0,4
BRDA:119,12,1,4
BRF:28
BRH:27
end_of_record
TN:
SF:src/core/http/path.builder.ts
FN:1,buildPath
FN:2,(anonymous_1)
FNF:2
FNH:2
FNDA:2,buildPath
FNDA:4,(anonymous_1)
DA:2,4
LF:1
LH:1
BRDA:2,0,0,4
BRDA:2,0,1,2
BRF:2
BRH:2
end_of_record
TN:
SF:src/core/http/retry.policy.ts
FN:73,shouldRetryRequest
FN:99,computeRetryDelay
FN:115,hasRetryAfter
FN:119,extractRetryAfterFromError
FN:129,clampDelay
FN:136,applyJitter
FN:156,randomInRange
FNF:7
FNH:7
FNDA:15,shouldRetryRequest
FNDA:5,computeRetryDelay
FNDA:2,hasRetryAfter
FNDA:2,extractRetryAfterFromError
FNDA:5,clampDelay
FNDA:2,applyJitter
FNDA:2,randomInRange
DA:63,27
DA:74,15
DA:75,2
DA:78,13
DA:79,1
DA:82,12
DA:83,0
DA:84,0
DA:85,0
DA:88,12
DA:89,12
DA:90,12
DA:91,7
DA:95,5
DA:96,5
DA:100,5
DA:101,5
DA:102,3
DA:105,2
DA:106,2
DA:107,2
DA:108,2
DA:116,2
DA:120,2
DA:121,0
DA:123,2
DA:124,0
DA:126,2
DA:130,5
DA:131,0
DA:133,5
DA:137,2
DA:138,0
DA:141,2
DA:143,0
DA:146,0
DA:147,0
DA:151,2
DA:157,2
DA:158,0
DA:160,2
LF:41
LH:30
BRDA:74,0,0,2
BRDA:74,0,1,13
BRDA:78,1,0,1
BRDA:78,1,1,12
BRDA:82,2,0,0
BRDA:82,2,1,12
BRDA:84,3,0,0
BRDA:84,3,1,0
BRDA:88,4,0,0
BRDA:88,4,1,12
BRDA:89,5,0,12
BRDA:89,5,1,0
BRDA:90,6,0,7
BRDA:90,6,1,5
BRDA:90,7,0,12
BRDA:90,7,1,12
BRDA:100,8,0,5
BRDA:100,8,1,2
BRDA:101,9,0,3
BRDA:101,9,1,2
BRDA:101,10,0,5
BRDA:101,10,1,3
BRDA:116,11,0,2
BRDA:116,11,1,0
BRDA:116,11,2,0
BRDA:120,12,0,0
BRDA:120,12,1,2
BRDA:123,13,0,0
BRDA:123,13,1,2
BRDA:123,14,0,2
BRDA:123,14,1,0
BRDA:130,15,0,0
BRDA:130,15,1,5
BRDA:133,16,0,1
BRDA:133,16,1,4
BRDA:137,17,0,0
BRDA:137,17,1,2
BRDA:141,18,0,0
BRDA:141,18,1,0
BRDA:141,18,2,2
BRDA:141,18,3,2
BRDA:157,19,0,0
BRDA:157,19,1,2
BRF:43
BRH:28
end_of_record
TN:
SF:src/core/http/validation.config.ts
FN:9,normaliseBoolean
FN:13,normaliseRuntimeValidation
FN:29,mergeRuntimeValidation
FN:49,cloneRuntimeValidation
FNF:4
FNH:4
FNDA:78,normaliseBoolean
FNDA:25,normaliseRuntimeValidation
FNDA:129,mergeRuntimeValidation
FNDA:60,cloneRuntimeValidation
DA:3,27
DA:10,78
DA:14,25
DA:15,1
DA:22,24
DA:30,129
DA:31,125
DA:34,4
DA:35,2
DA:42,2
DA:50,60
LF:11
LH:11
BRDA:10,0,0,2
BRDA:10,0,1,76
BRDA:14,1,0,1
BRDA:14,1,1,24
BRDA:30,2,0,125
BRDA:30,2,1,4
BRDA:34,3,0,2
BRDA:34,3,1,2
BRF:8
BRH:8
end_of_record
TN:
SF:src/core/http/adapters/adapter.utils.ts
FN:3,headersToRecord
FN:5,(anonymous_1)
FN:16,resolveSignal
FN:19,(anonymous_3)
FN:25,(anonymous_4)
FN:35,(anonymous_5)
FN:47,(anonymous_6)
FN:52,(anonymous_7)
FN:56,(anonymous_8)
FN:66,createFetchInit
FNF:10
FNH:8
FNDA:69,headersToRecord
FNDA:144,(anonymous_1)
FNDA:72,resolveSignal
FNDA:69,(anonymous_3)
FNDA:1,(anonymous_4)
FNDA:2,(anonymous_5)
FNDA:0,(anonymous_6)
FNDA:0,(anonymous_7)
FNDA:1,(anonymous_8)
FNDA:72,createFetchInit
DA:4,69
DA:5,69
DA:6,144
DA:8,69
DA:17,72
DA:18,72
DA:19,71
DA:22,1
DA:25,1
DA:26,1
DA:29,1
DA:30,0
DA:32,1
DA:35,1
DA:36,2
DA:39,1
DA:42,1
DA:43,0
DA:44,0
DA:45,0
DA:47,0
DA:48,0
DA:49,0
DA:51,0
DA:52,0
DA:56,1
DA:57,1
DA:58,1
DA:59,0
DA:63,1
DA:67,72
DA:68,72
DA:73,72
DA:74,23
DA:75,23
DA:76,23
DA:77,23
DA:78,23
DA:79,23
DA:80,1
DA:82,22
DA:83,22
DA:87,72
DA:88,72
DA:89,2
DA:92,72
LF:46
LH:36
BRDA:18,0,0,71
BRDA:18,0,1,1
BRDA:29,1,0,0
BRDA:29,1,1,1
BRDA:36,2,0,2
BRDA:36,2,1,0
BRDA:42,3,0,0
BRDA:42,3,1,1
BRDA:43,4,0,0
BRDA:43,4,1,0
BRDA:58,5,0,0
BRDA:58,5,1,1
BRDA:67,6,0,72
BRDA:67,6,1,2
BRDA:73,7,0,23
BRDA:73,7,1,49
BRDA:75,8,0,23
BRDA:75,8,1,23
BRDA:76,9,0,23
BRDA:76,9,1,23
BRDA:78,10,0,23
BRDA:78,10,1,23
BRDA:79,11,0,1
BRDA:79,11,1,22
BRDA:79,12,0,23
BRDA:79,12,1,22
BRDA:79,12,2,22
BRDA:79,12,3,22
BRDA:79,12,4,22
BRDA:88,13,0,2
BRDA:88,13,1,70
BRF:31
BRH:25
end_of_record
TN:
SF:src/core/http/adapters/browser-fetch.adapter.ts
FN:5,(anonymous_0)
FNF:1
FNH:0
FNDA:0,(anonymous_0)
DA:4,11
DA:6,0
DA:7,0
DA:8,0
DA:9,0
DA:10,0
DA:13,0
DA:14,0
DA:15,0
DA:16,0
DA:18,0
DA:25,0
DA:32,0
DA:34,0
LF:14
LH:1
BRDA:10,0,0,0
BRDA:10,0,1,0
BRDA:13,1,0,0
BRDA:13,1,1,0
BRDA:15,2,0,0
BRDA:15,2,1,0
BRF:6
BRH:0
end_of_record
TN:
SF:src/core/http/adapters/node-fetch.adapter.ts
FN:5,(anonymous_0)
FNF:1
FNH:1
FNDA:68,(anonymous_0)
DA:4,27
DA:6,68
DA:7,68
DA:8,68
DA:9,68
DA:10,68
DA:13,68
DA:14,68
DA:15,68
DA:16,65
DA:18,3
DA:25,68
DA:32,68
DA:34,68
LF:14
LH:14
BRDA:10,0,0,68
BRDA:10,0,1,0
BRDA:13,1,0,68
BRDA:13,1,1,0
BRDA:15,2,0,65
BRDA:15,2,1,3
BRF:6
BRH:4
end_of_record
TN:
SF:src/core/http/interceptors/logger.utils.ts
FN:10,shouldLog
FNF:1
FNH:1
FNDA:10,shouldLog
DA:3,28
DA:11,10
LF:2
LH:2
BRF:0
BRH:0
end_of_record
TN:
SF:src/core/http/interceptors/logging.interceptor.ts
FN:9,createLoggingInterceptor
FN:19,(anonymous_1)
FN:26,(anonymous_2)
FNF:3
FNH:3
FNDA:70,createLoggingInterceptor
FNDA:150,(anonymous_1)
FNDA:75,(anonymous_2)
DA:10,70
DA:11,70
DA:13,70
DA:19,70
DA:20,150
DA:21,6
DA:22,6
DA:23,2
DA:26,70
DA:27,75
DA:28,75
DA:29,75
DA:30,75
DA:31,74
DA:32,74
DA:33,74
DA:35,1
DA:36,1
DA:37,1
LF:19
LH:19
BRDA:11,0,0,70
BRDA:11,0,1,0
BRDA:20,1,0,144
BRDA:20,1,1,6
BRDA:22,2,0,4
BRDA:22,2,1,2
BRF:6
BRH:5
end_of_record
TN:
SF:src/core/http/interceptors/retry.interceptor.ts
FN:6,sleep
FN:7,(anonymous_1)
FN:16,createRetryInterceptor
FN:27,(anonymous_3)
FN:34,(anonymous_4)
FN:40,(anonymous_5)
FN:47,(anonymous_6)
FN:88,(anonymous_7)
FN:114,retryInterceptor
FNF:9
FNH:9
FNDA:5,sleep
FNDA:5,(anonymous_1)
FNDA:70,createRetryInterceptor
FNDA:11,(anonymous_3)
FNDA:16,(anonymous_4)
FNDA:5,(anonymous_5)
FNDA:74,(anonymous_6)
FNDA:1,(anonymous_7)
FNDA:70,retryInterceptor
DA:7,5
DA:17,70
DA:19,70
DA:20,70
DA:21,70
DA:23,70
DA:24,70
DA:25,70
DA:27,70
DA:28,11
DA:29,11
DA:30,0
DA:31,0
DA:34,70
DA:35,16
DA:36,16
DA:37,16
DA:40,70
DA:41,5
DA:42,5
DA:43,5
DA:47,70
DA:58,74
DA:59,58
DA:62,16
DA:63,16
DA:64,6
DA:67,16
DA:71,74
DA:72,11
DA:75,5
DA:76,74
DA:85,5
DA:88,70
DA:97,1
DA:98,1
DA:99,1
DA:102,0
DA:103,1
DA:111,0
DA:114,70
DA:115,70
DA:116,70
DA:117,75
DA:118,75
DA:119,74
DA:125,74
DA:126,69
DA:128,5
DA:130,1
DA:135,1
DA:136,0
DA:138,1
DA:142,0
LF:54
LH:48
BRDA:17,0,0,70
BRDA:17,0,1,60
BRDA:19,1,0,70
BRDA:19,1,1,0
BRDA:21,2,0,70
BRDA:21,2,1,0
BRDA:28,3,0,5
BRDA:28,3,1,6
BRDA:29,4,0,11
BRDA:29,4,1,0
BRDA:30,5,0,0
BRDA:30,5,1,0
BRDA:35,6,0,0
BRDA:35,6,1,16
BRDA:36,7,0,16
BRDA:36,7,1,10
BRDA:41,8,0,5
BRDA:41,8,1,0
BRDA:42,9,0,5
BRDA:42,9,1,0
BRDA:58,10,0,58
BRDA:58,10,1,16
BRDA:63,11,0,6
BRDA:63,11,1,10
BRDA:67,12,0,14
BRDA:67,12,1,2
BRDA:71,13,0,11
BRDA:71,13,1,63
BRDA:75,14,0,5
BRDA:75,14,1,0
BRDA:98,15,0,1
BRDA:98,15,1,0
BRDA:102,16,0,0
BRDA:102,16,1,0
BRDA:125,17,0,69
BRDA:125,17,1,5
BRDA:135,18,0,0
BRDA:135,18,1,1
BRF:38
BRH:25
end_of_record
TN:
SF:src/domains/client-ids/client-ids.facade.ts
FN:19,createClientIdsApi
FN:22,(anonymous_1)
FN:32,(anonymous_2)
FN:44,(anonymous_3)
FN:55,(anonymous_4)
FN:68,(anonymous_5)
FNF:6
FNH:2
FNDA:15,createClientIdsApi
FNDA:0,(anonymous_1)
FNDA:4,(anonymous_2)
FNDA:0,(anonymous_3)
FNDA:0,(anonymous_4)
FNDA:0,(anonymous_5)
DA:20,15
DA:21,15
DA:23,0
DA:24,0
DA:33,4
DA:34,4
DA:45,0
DA:46,0
DA:47,0
DA:56,0
DA:57,0
DA:58,0
DA:69,0
DA:70,0
DA:71,0
LF:15
LH:4
BRF:0
BRH:0
end_of_record
TN:
SF:src/domains/currencies/currencies.facade.ts
FN:29,createCurrenciesApi
FN:31,toQuery
FN:37,(anonymous_2)
FN:59,(anonymous_3)
FNF:4
FNH:4
FNDA:15,createCurrenciesApi
FNDA:4,toQuery
FNDA:2,(anonymous_2)
FNDA:2,(anonymous_3)
DA:12,21
DA:13,21
DA:14,21
DA:15,21
DA:30,15
DA:32,4
DA:35,15
DA:38,2
DA:50,1
DA:55,1
DA:56,1
DA:57,1
DA:60,2
DA:61,2
DA:73,1
DA:78,1
DA:79,1
DA:80,1
LF:18
LH:18
BRDA:42,0,0,2
BRDA:42,0,1,1
BRDA:55,1,0,0
BRDA:55,1,1,1
BRDA:65,2,0,2
BRDA:65,2,1,0
BRDA:78,3,0,0
BRDA:78,3,1,1
BRF:8
BRH:5
end_of_record
TN:
SF:src/domains/currencies/currencies.schemas.ts
FNF:0
FNH:0
DA:6,21
DA:7,21
DA:9,21
DA:23,21
DA:27,21
DA:37,21
DA:38,21
LF:7
LH:7
BRF:0
BRH:0
end_of_record
TN:
SF:src/domains/currencies/v1/currencies.v1.facade.ts
FN:30,toQuery
FN:36,createCurrenciesV1Api
FN:38,(anonymous_2)
FN:62,(anonymous_3)
FNF:4
FNH:4
FNDA:5,toQuery
FNDA:16,createCurrenciesV1Api
FNDA:3,(anonymous_2)
FNDA:2,(anonymous_3)
DA:16,21
DA:17,21
DA:33,5
DA:37,16
DA:39,3
DA:51,2
DA:56,2
DA:57,2
DA:58,2
DA:59,3
DA:63,2
DA:64,2
DA:76,1
DA:81,1
DA:82,1
LF:15
LH:15
BRDA:43,0,0,3
BRDA:43,0,1,2
BRDA:56,1,0,0
BRDA:56,1,1,2
BRDA:58,2,0,1
BRDA:58,2,1,1
BRDA:68,3,0,2
BRDA:68,3,1,2
BRDA:81,4,0,0
BRDA:81,4,1,1
BRF:10
BRH:8
end_of_record
TN:
SF:src/domains/currencies/v1/currencies.v1.schemas.ts
FNF:0
FNH:0
DA:12,21
DA:13,21
DA:15,21
DA:16,21
DA:18,21
DA:23,21
DA:24,21
DA:29,21
LF:8
LH:8
BRF:0
BRH:0
end_of_record
TN:
SF:src/domains/pay/pay.facade.ts
FN:12,createPayApi
FNF:1
FNH:1
FNDA:15,createPayApi
DA:13,15
DA:14,15
LF:2
LH:2
BRF:0
BRH:0
end_of_record
TN:
SF:src/domains/pay/v1/pay.v1.facade.ts
FN:23,createPayV1Api
FN:25,(anonymous_1)
FNF:2
FNH:2
FNDA:16,createPayV1Api
FNDA:4,(anonymous_1)
DA:5,21
DA:6,21
DA:7,21
DA:24,16
DA:26,4
LF:5
LH:5
BRF:0
BRH:0
end_of_record
TN:
SF:src/domains/payer/payer.facade.ts
FN:21,createPayerApi
FNF:1
FNH:1
FNDA:15,createPayerApi
DA:22,15
DA:23,15
DA:24,15
LF:3
LH:3
BRF:0
BRH:0
end_of_record
TN:
SF:src/domains/payer/v1/payer.v1.facade.ts
FN:47,createPayerV1Api
FN:49,(anonymous_1)
FN:65,(anonymous_2)
FN:80,(anonymous_3)
FN:97,(anonymous_4)
FN:114,(anonymous_5)
FNF:6
FNH:6
FNDA:15,createPayerV1Api
FNDA:1,(anonymous_1)
FNDA:1,(anonymous_2)
FNDA:1,(anonymous_3)
FNDA:1,(anonymous_4)
FNDA:1,(anonymous_5)
DA:5,21
DA:6,21
DA:7,21
DA:8,21
DA:9,21
DA:48,15
DA:50,1
DA:66,1
DA:67,1
DA:81,1
DA:82,1
DA:98,1
DA:99,1
DA:115,1
DA:116,1
LF:15
LH:15
BRF:0
BRH:0
end_of_record
TN:
SF:src/domains/payer/v2/payer.v2.facade.ts
FN:47,createPayerV2Api
FN:49,(anonymous_1)
FN:65,(anonymous_2)
FN:80,(anonymous_3)
FN:97,(anonymous_4)
FN:114,(anonymous_5)
FNF:6
FNH:6
FNDA:15,createPayerV2Api
FNDA:1,(anonymous_1)
FNDA:2,(anonymous_2)
FNDA:1,(anonymous_3)
FNDA:1,(anonymous_4)
FNDA:1,(anonymous_5)
DA:5,21
DA:6,21
DA:7,21
DA:8,21
DA:9,21
DA:48,15
DA:50,1
DA:66,2
DA:67,2
DA:81,1
DA:82,1
DA:98,1
DA:99,1
DA:115,1
DA:116,1
LF:15
LH:15
BRF:0
BRH:0
end_of_record
TN:
SF:src/domains/payments/payments.facade.ts
FN:27,createPaymentsApi
FN:29,(anonymous_1)
FNF:2
FNH:2
FNDA:16,createPaymentsApi
FNDA:4,(anonymous_1)
DA:28,16
DA:30,4
DA:31,4
LF:3
LH:3
BRDA:30,0,0,4
BRDA:30,0,1,0
BRF:2
BRH:1
end_of_record
TN:
SF:src/domains/payments/payments.schemas.ts
FNF:0
FNH:0
DA:6,21
DA:8,21
DA:18,21
DA:27,21
DA:41,21
DA:51,21
DA:74,21
DA:83,21
DA:95,21
LF:9
LH:9
BRF:0
BRH:0
end_of_record
TN:
SF:src/domains/payouts/payouts.facade.ts
FN:40,createPayoutsApi
FN:42,(anonymous_1)
FN:58,(anonymous_2)
FN:74,(anonymous_3)
FN:89,(anonymous_4)
FN:106,(anonymous_5)
FNF:6
FNH:5
FNDA:15,createPayoutsApi
FNDA:1,(anonymous_1)
FNDA:1,(anonymous_2)
FNDA:2,(anonymous_3)
FNDA:1,(anonymous_4)
FNDA:0,(anonymous_5)
DA:5,21
DA:6,21
DA:7,21
DA:8,21
DA:9,21
DA:41,15
DA:43,1
DA:59,1
DA:75,2
DA:76,2
DA:90,1
DA:91,1
DA:107,0
DA:108,0
LF:14
LH:12
BRF:0
BRH:0
end_of_record
TN:
SF:src/domains/requests/request.helpers.ts
FN:10,buildRequestQuery
FN:12,(anonymous_1)
FN:81,normalizeReference
FN:86,normalizeCustomerInfo
FN:105,normalizePayments
FN:107,(anonymous_5)
FN:110,buildStatusBase
FN:147,normalizeLegacyStatusResponse
FN:163,normalizeRequestStatusResponse
FNF:9
FNH:9
FNDA:18,buildRequestQuery
FNDA:76,(anonymous_1)
FNDA:1,normalizeReference
FNDA:1,normalizeCustomerInfo
FNDA:1,normalizePayments
FNDA:1,(anonymous_5)
FNDA:10,buildStatusBase
FNDA:2,normalizeLegacyStatusResponse
FNDA:8,normalizeRequestStatusResponse
DA:11,18
DA:12,76
DA:13,17
DA:14,13
DA:65,22
DA:82,1
DA:83,1
DA:87,1
DA:88,1
DA:89,1
DA:106,1
DA:107,1
DA:114,10
DA:148,2
DA:149,1
DA:156,1
DA:164,8
DA:165,8
DA:166,8
DA:170,8
DA:171,2
DA:178,6
LF:22
LH:22
BRDA:11,0,0,1
BRDA:11,0,1,17
BRDA:13,1,0,4
BRDA:13,1,1,13
BRDA:82,2,0,0
BRDA:82,2,1,1
BRDA:87,3,0,0
BRDA:87,3,1,1
BRDA:88,4,0,0
BRDA:88,4,1,1
BRDA:90,5,0,1
BRDA:90,5,1,0
BRDA:91,6,0,1
BRDA:91,6,1,1
BRDA:92,7,0,1
BRDA:92,7,1,0
BRDA:93,8,0,1
BRDA:93,8,1,0
BRDA:95,9,0,1
BRDA:95,9,1,1
BRDA:96,10,0,1
BRDA:96,10,1,1
BRDA:97,11,0,1
BRDA:97,11,1,1
BRDA:98,12,0,1
BRDA:98,12,1,1
BRDA:99,13,0,1
BRDA:99,13,1,0
BRDA:106,14,0,0
BRDA:106,14,1,1
BRDA:115,15,0,10
BRDA:115,15,1,0
BRDA:116,16,0,10
BRDA:116,16,1,0
BRDA:117,17,0,2
BRDA:117,17,1,8
BRDA:117,18,0,2
BRDA:117,18,1,0
BRDA:118,19,0,10
BRDA:118,19,1,8
BRDA:119,20,0,10
BRDA:119,20,1,0
BRDA:120,21,0,8
BRDA:120,21,1,2
BRDA:120,22,0,8
BRDA:120,22,1,1
BRDA:122,23,0,1
BRDA:122,23,1,9
BRDA:123,24,0,0
BRDA:123,24,1,10
BRDA:123,25,0,0
BRDA:123,25,1,0
BRDA:125,26,0,0
BRDA:125,26,1,10
BRDA:126,27,0,0
BRDA:126,27,1,0
BRDA:129,28,0,1
BRDA:129,28,1,9
BRDA:129,29,0,1
BRDA:129,29,1,0
BRDA:131,30,0,1
BRDA:131,30,1,9
BRDA:132,31,0,1
BRDA:132,31,1,0
BRDA:134,32,0,1
BRDA:134,32,1,9
BRDA:136,33,0,1
BRDA:136,33,1,9
BRDA:142,34,0,1
BRDA:142,34,1,9
BRDA:142,35,0,1
BRDA:142,35,1,0
BRDA:148,36,0,1
BRDA:148,36,1,1
BRDA:165,37,0,7
BRDA:165,37,1,1
BRDA:166,38,0,2
BRDA:166,38,1,6
BRDA:168,39,0,6
BRDA:168,39,1,2
BRDA:168,40,0,1
BRDA:168,40,1,1
BRDA:170,41,0,2
BRDA:170,41,1,6
BRF:84
BRH:63
end_of_record
TN:
SF:src/domains/requests/requests.facade.ts
FN:31,isPaymentIntentPayload
FN:35,isCalldataPayload
FN:68,createRequestsApi
FN:70,(anonymous_3)
FN:86,(anonymous_4)
FN:103,(anonymous_5)
FN:124,(anonymous_6)
FN:159,(anonymous_7)
FN:172,(anonymous_8)
FNF:9
FNH:9
FNDA:2,isPaymentIntentPayload
FNDA:3,isCalldataPayload
FNDA:15,createRequestsApi
FNDA:1,(anonymous_3)
FNDA:3,(anonymous_4)
FNDA:3,(anonymous_5)
FNDA:4,(anonymous_6)
FNDA:1,(anonymous_7)
FNDA:1,(anonymous_8)
DA:7,21
DA:8,21
DA:9,21
DA:10,21
DA:11,21
DA:12,21
DA:28,21
DA:29,21
DA:32,2
DA:36,3
DA:69,15
DA:71,1
DA:87,3
DA:88,3
DA:100,3
DA:104,3
DA:105,3
DA:125,4
DA:126,4
DA:136,4
DA:149,3
DA:150,1
DA:152,2
DA:153,2
DA:156,0
DA:160,1
DA:161,1
DA:173,1
DA:174,1
LF:29
LH:28
BRDA:149,0,0,1
BRDA:149,0,1,2
BRDA:152,1,0,2
BRDA:152,1,1,0
BRF:4
BRH:3
end_of_record
TN:
SF:src/domains/requests/v1/requests.v1.facade.ts
FN:35,isPaymentIntentPayload
FN:39,isCalldataPayload
FN:72,createRequestsV1Api
FN:74,(anonymous_3)
FN:90,(anonymous_4)
FN:111,(anonymous_5)
FN:143,(anonymous_6)
FN:160,(anonymous_7)
FN:175,(anonymous_8)
FNF:9
FNH:9
FNDA:1,isPaymentIntentPayload
FNDA:2,isCalldataPayload
FNDA:1,createRequestsV1Api
FNDA:1,(anonymous_3)
FNDA:2,(anonymous_4)
FNDA:2,(anonymous_5)
FNDA:2,(anonymous_6)
FNDA:1,(anonymous_7)
FNDA:1,(anonymous_8)
DA:11,12
DA:12,12
DA:13,12
DA:14,12
DA:15,12
DA:16,12
DA:32,12
DA:33,12
DA:36,1
DA:40,2
DA:73,1
DA:75,1
DA:91,2
DA:92,2
DA:112,2
DA:113,2
DA:120,2
DA:133,2
DA:134,1
DA:136,1
DA:137,1
DA:140,0
DA:144,2
DA:145,2
DA:157,2
DA:161,1
DA:162,1
DA:176,1
DA:177,1
LF:29
LH:28
BRDA:133,0,0,1
BRDA:133,0,1,1
BRDA:136,1,0,1
BRDA:136,1,1,0
BRF:4
BRH:3
end_of_record
TN:
SF:src/validation/schema.registry.ts
FN:17,serialiseKey
FN:30,(anonymous_1)
FN:35,(anonymous_2)
FN:43,(anonymous_3)
FNF:4
FNH:3
FNDA:3857,serialiseKey
FNDA:3784,(anonymous_1)
FNDA:73,(anonymous_2)
FNDA:0,(anonymous_3)
DA:18,3857
DA:19,3857
DA:20,3857
DA:28,27
DA:31,3784
DA:32,3784
DA:36,73
DA:37,73
DA:44,0
DA:48,27
LF:10
LH:9
BRDA:18,0,0,3857
BRDA:18,0,1,3480
BRDA:19,1,0,3857
BRDA:19,1,1,465
BRF:4
BRH:4
end_of_record
TN:
SF:src/validation/zod.helpers.ts
FN:28,(anonymous_0)
FN:34,parseWithSchema
FN:47,parseWithRegistry
FNF:3
FNH:3
FNDA:7,(anonymous_0)
FNDA:97,parseWithSchema
FNDA:73,parseWithRegistry
DA:28,7
DA:29,7
DA:30,7
DA:37,97
DA:38,97
DA:39,97
DA:40,90
DA:43,7
DA:44,97
DA:48,73
DA:49,73
DA:50,0
DA:51,0
DA:53,0
DA:56,73
LF:15
LH:12
BRDA:39,0,0,90
BRDA:39,0,1,7
BRDA:43,1,0,7
BRDA:43,1,1,0
BRDA:49,2,0,0
BRDA:49,2,1,73
BRDA:50,3,0,0
BRDA:50,3,1,0
BRF:8
BRH:4
end_of_record
TN:
SF:src/validation/overrides/payer-compliance.schema.ts
FNF:0
FNH:0
DA:9,0
DA:10,0
DA:12,0
DA:18,0
DA:23,0
DA:29,0
LF:6
LH:0
BRF:0
BRH:0
end_of_record
TN:
SF:src/validation/overrides/request-payment-routes.schema.ts
FNF:0
FNH:0
DA:5,21
DA:17,21
LF:2
LH:2
BRF:0
BRH:0
end_of_record
TN:
SF:src/validation/overrides/request-status.schema.ts
FN:6,(anonymous_0)
FNF:1
FNH:1
FNDA:3,(anonymous_0)
DA:6,21
DA:7,3
DA:8,0
DA:11,3
DA:13,3
DA:14,0
DA:17,3
DA:18,0
DA:21,3
DA:22,0
DA:25,3
DA:28,21
LF:12
LH:8
BRDA:7,0,0,0
BRDA:7,0,1,3
BRDA:7,1,0,3
BRDA:7,1,1,3
BRDA:13,2,0,0
BRDA:13,2,1,3
BRDA:17,3,0,0
BRDA:17,3,1,3
BRDA:21,4,0,0
BRDA:21,4,1,3
BRF:10
BRH:6
end_of_record
TN:
SF:src/webhooks/dispatcher.webhook.ts
FN:11,ensureHandlerSet
FN:26,(anonymous_1)
FN:31,(anonymous_2)
FN:41,(anonymous_3)
FN:43,(anonymous_4)
FN:52,(anonymous_5)
FN:61,(anonymous_6)
FN:65,(anonymous_7)
FN:76,(anonymous_8)
FN:94,(anonymous_9)
FN:100,createWebhookDispatcher
FNF:11
FNH:4
FNDA:16,ensureHandlerSet
FNDA:16,(anonymous_1)
FNDA:0,(anonymous_2)
FNDA:0,(anonymous_3)
FNDA:0,(anonymous_4)
FNDA:0,(anonymous_5)
FNDA:0,(anonymous_6)
FNDA:0,(anonymous_7)
FNDA:10,(anonymous_8)
FNDA:0,(anonymous_9)
FNDA:15,createWebhookDispatcher
DA:15,16
DA:16,16
DA:17,15
DA:18,15
DA:20,16
DA:24,15
DA:27,16
DA:28,16
DA:29,16
DA:31,16
DA:32,0
DA:33,0
DA:34,0
DA:35,0
DA:36,0
DA:42,0
DA:43,0
DA:44,0
DA:45,0
DA:47,0
DA:48,0
DA:49,0
DA:53,0
DA:54,0
DA:55,0
DA:56,0
DA:57,0
DA:62,0
DA:66,0
DA:67,0
DA:69,0
DA:70,0
DA:71,0
DA:73,0
DA:80,10
DA:81,10
DA:82,0
DA:85,10
DA:86,10
DA:87,11
DA:95,0
DA:96,0
DA:101,15
LF:43
LH:16
BRDA:16,0,0,15
BRDA:16,0,1,1
BRDA:33,1,0,0
BRDA:33,1,1,0
BRDA:35,2,0,0
BRDA:35,2,1,0
BRDA:54,3,0,0
BRDA:54,3,1,0
BRDA:56,4,0,0
BRDA:56,4,1,0
BRDA:66,5,0,0
BRDA:66,5,1,0
BRDA:67,6,0,0
BRDA:67,6,1,0
BRDA:78,7,0,10
BRDA:81,8,0,0
BRDA:81,8,1,10
BRDA:81,9,0,10
BRDA:81,9,1,10
BRF:19
BRH:6
end_of_record
TN:
SF:src/webhooks/errors.webhook.ts
FN:30,(anonymous_0)
FN:41,isRequestWebhookSignatureError
FNF:2
FNH:1
FNDA:5,(anonymous_0)
FNDA:0,isRequestWebhookSignatureError
DA:21,11
DA:23,5
DA:24,5
DA:31,5
DA:32,5
DA:33,5
DA:34,5
DA:35,5
DA:36,5
DA:37,5
DA:42,0
LF:11
LH:10
BRDA:36,0,0,5
BRDA:36,0,1,5
BRF:2
BRH:2
end_of_record
TN:
SF:src/webhooks/headers.webhook.ts
FN:9,coerceHeaderValue
FN:12,(anonymous_1)
FN:18,isFetchHeaders
FN:22,normaliseHeaders
FN:27,(anonymous_4)
FN:43,pickHeader
FNF:6
FNH:4
FNDA:24,coerceHeaderValue
FNDA:0,(anonymous_1)
FNDA:48,isFetchHeaders
FNDA:24,normaliseHeaders
FNDA:0,(anonymous_4)
FNDA:24,pickHeader
DA:10,24
DA:11,24
DA:12,0
DA:13,0
DA:15,24
DA:19,48
DA:23,24
DA:24,24
DA:26,24
DA:27,0
DA:28,0
DA:30,0
DA:33,24
DA:34,24
DA:35,24
DA:36,24
DA:40,24
DA:44,24
DA:45,24
DA:47,24
DA:48,0
DA:49,0
DA:52,24
DA:53,24
DA:54,24
DA:55,24
DA:57,0
DA:58,0
DA:59,0
DA:62,0
DA:63,0
DA:64,0
DA:66,0
DA:67,0
DA:69,0
LF:35
LH:19
BRDA:10,0,0,0
BRDA:10,0,1,24
BRDA:11,1,0,0
BRDA:11,1,1,24
BRDA:13,2,0,0
BRDA:13,2,1,0
BRDA:15,3,0,24
BRDA:15,3,1,0
BRDA:19,4,0,48
BRDA:19,4,1,48
BRDA:24,5,0,0
BRDA:24,5,1,24
BRDA:26,6,0,0
BRDA:26,6,1,24
BRDA:35,7,0,24
BRDA:35,7,1,0
BRDA:44,8,0,0
BRDA:44,8,1,24
BRDA:47,9,0,0
BRDA:47,9,1,24
BRDA:49,10,0,0
BRDA:49,10,1,0
BRDA:54,11,0,24
BRDA:54,11,1,0
BRDA:57,12,0,0
BRDA:57,12,1,0
BRDA:59,13,0,0
BRDA:59,13,1,0
BRDA:63,14,0,0
BRDA:63,14,1,0
BRDA:66,15,0,0
BRDA:66,15,1,0
BRF:32
BRH:11
end_of_record
TN:
SF:src/webhooks/middleware.webhook.ts
FN:49,isArrayBufferView
FN:53,isBinaryLike
FN:57,(anonymous_2)
FN:68,(anonymous_3)
FN:74,handleSuccess
FN:104,handleError
FN:135,createWebhookMiddleware
FN:150,(anonymous_7)
FNF:8
FNH:8
FNDA:26,isArrayBufferView
FNDA:26,isBinaryLike
FNDA:13,(anonymous_2)
FNDA:8,(anonymous_3)
FNDA:8,handleSuccess
FNDA:5,handleError
FNDA:13,createWebhookMiddleware
FNDA:13,(anonymous_7)
DA:47,11
DA:50,26
DA:54,26
DA:57,11
DA:58,13
DA:59,13
DA:60,13
DA:62,0
DA:63,0
DA:65,0
DA:68,11
DA:86,8
DA:88,8
DA:90,8
DA:91,0
DA:94,8
DA:95,8
DA:96,8
DA:99,8
DA:100,0
DA:110,5
DA:112,5
DA:113,5
DA:119,5
DA:120,5
DA:125,5
DA:128,0
DA:130,5
DA:131,0
DA:144,13
DA:146,13
DA:147,0
DA:150,13
DA:151,13
DA:152,13
DA:153,0
DA:154,0
DA:155,0
DA:156,0
DA:158,0
DA:161,13
DA:163,13
DA:164,13
DA:174,13
DA:175,8
DA:176,8
DA:179,5
DA:180,5
DA:181,0
DA:182,0
DA:187,13
LF:51
LH:36
BRDA:50,0,0,26
BRDA:50,0,1,26
BRDA:54,1,0,26
BRDA:54,1,1,26
BRDA:54,1,2,26
BRDA:59,2,0,13
BRDA:59,2,1,0
BRDA:62,3,0,0
BRDA:62,3,1,0
BRDA:84,4,0,8
BRDA:85,5,0,8
BRDA:90,6,0,0
BRDA:90,6,1,8
BRDA:94,7,0,8
BRDA:94,7,1,0
BRDA:99,8,0,0
BRDA:99,8,1,8
BRDA:112,9,0,5
BRDA:112,9,1,0
BRDA:119,10,0,5
BRDA:119,10,1,0
BRDA:130,11,0,0
BRDA:130,11,1,5
BRDA:141,12,0,13
BRDA:143,13,0,13
BRDA:146,14,0,0
BRDA:146,14,1,13
BRDA:146,15,0,13
BRDA:146,15,1,13
BRDA:146,15,2,0
BRDA:152,16,0,0
BRDA:152,16,1,13
BRDA:155,17,0,0
BRDA:155,17,1,0
BRDA:155,18,0,0
BRDA:155,18,1,0
BRDA:161,19,0,13
BRDA:161,19,1,13
BRDA:175,20,0,8
BRDA:175,20,1,0
BRDA:180,21,0,0
BRDA:180,21,1,5
BRDA:180,22,0,5
BRDA:180,22,1,0
BRDA:181,23,0,0
BRDA:181,23,1,0
BRF:46
BRH:25
end_of_record
TN:
SF:src/webhooks/parser.webhook.ts
FN:32,ensureBuffer
FN:42,normaliseBody
FN:48,parseJsonBody
FN:57,resolveEventName
FN:68,assertWebhookEventName
FN:74,verifySignatureIfRequired
FN:94,parseWebhookEvent
FNF:7
FNH:7
FNDA:24,ensureBuffer
FNDA:24,normaliseBody
FNDA:19,parseJsonBody
FNDA:19,resolveEventName
FNDA:19,assertWebhookEventName
FNDA:24,verifySignatureIfRequired
FNDA:24,parseWebhookEvent
DA:33,24
DA:34,0
DA:36,24
DA:37,0
DA:39,24
DA:43,24
DA:44,24
DA:45,24
DA:49,19
DA:50,19
DA:51,19
DA:53,0
DA:58,19
DA:59,0
DA:61,19
DA:62,19
DA:63,0
DA:65,19
DA:69,19
DA:70,0
DA:79,24
DA:80,0
DA:82,24
DA:97,24
DA:98,24
DA:99,24
DA:101,24
DA:103,24
DA:107,24
DA:108,24
DA:110,24
DA:111,24
DA:112,24
DA:114,24
DA:115,24
DA:116,0
DA:119,19
DA:124,19
DA:125,1
DA:126,1
DA:129,18
DA:130,18
DA:132,18
LF:43
LH:35
BRDA:33,0,0,0
BRDA:33,0,1,24
BRDA:36,1,0,0
BRDA:36,1,1,24
BRDA:58,2,0,0
BRDA:58,2,1,19
BRDA:58,3,0,19
BRDA:58,3,1,19
BRDA:58,3,2,19
BRDA:62,4,0,0
BRDA:62,4,1,19
BRDA:62,5,0,19
BRDA:62,5,1,19
BRDA:69,6,0,0
BRDA:69,6,1,19
BRDA:79,7,0,0
BRDA:79,7,1,24
BRDA:98,8,0,0
BRDA:98,8,1,24
BRDA:101,9,0,24
BRDA:101,9,1,0
BRDA:101,9,2,0
BRDA:103,10,0,24
BRDA:103,10,1,0
BRDA:103,10,2,0
BRDA:103,10,3,0
BRDA:107,11,0,24
BRDA:107,11,1,0
BRDA:108,12,0,24
BRDA:108,12,1,19
BRDA:115,13,0,0
BRDA:115,13,1,24
BRDA:124,14,0,1
BRDA:124,14,1,18
BRDA:124,15,0,19
BRDA:124,15,1,18
BRDA:125,16,0,1
BRDA:125,16,1,0
BRF:38
BRH:23
end_of_record
TN:
SF:src/webhooks/schemas.webhook.ts
FN:134,getWebhookSchema
FNF:1
FNH:1
FNDA:19,getWebhookSchema
DA:9,11
DA:19,11
DA:29,11
DA:32,11
DA:44,11
DA:51,11
DA:57,11
DA:61,11
DA:68,11
DA:73,11
DA:81,11
DA:88,11
DA:92,11
DA:98,11
DA:104,11
DA:125,11
DA:127,11
DA:128,88
DA:135,19
LF:19
LH:19
BRF:0
BRH:0
end_of_record
TN:
SF:src/webhooks/signature.webhook.ts
FN:43,toBuffer
FN:53,stripAlgorithmPrefix
FN:71,parseSignatureValue
FN:97,computeHmac
FN:101,isReadonlyStringArray
FN:105,toSecretArray
FN:109,parseTimestamp
FN:137,resolveTimestamp
FN:160,verifyWebhookSignature
FN:168,(anonymous_9)
FN:208,(anonymous_10)
FNF:11
FNH:9
FNDA:24,toBuffer
FNDA:24,stripAlgorithmPrefix
FNDA:24,parseSignatureValue
FNDA:24,computeHmac
FNDA:24,isReadonlyStringArray
FNDA:24,toSecretArray
FNDA:0,parseTimestamp
FNDA:24,resolveTimestamp
FNDA:24,verifyWebhookSignature
FNDA:0,(anonymous_9)
FNDA:24,(anonymous_10)
DA:7,11
DA:8,11
DA:41,11
DA:44,24
DA:45,0
DA:47,24
DA:48,0
DA:50,24
DA:54,24
DA:55,24
DA:56,24
DA:57,24
DA:59,0
DA:60,0
DA:61,0
DA:68,0
DA:72,24
DA:73,24
DA:74,24
DA:75,0
DA:83,24
DA:84,24
DA:85,0
DA:93,24
DA:94,24
DA:98,24
DA:102,24
DA:106,24
DA:110,0
DA:111,0
DA:112,0
DA:115,0
DA:116,0
DA:117,0
DA:118,0
DA:121,0
DA:122,0
DA:124,0
DA:125,0
DA:127,0
DA:130,0
DA:131,0
DA:132,0
DA:134,0
DA:138,24
DA:139,0
DA:141,24
DA:142,24
DA:144,0
DA:145,0
DA:146,0
DA:148,0
DA:149,0
DA:150,0
DA:157,0
DA:168,0
DA:169,24
DA:171,24
DA:172,24
DA:173,24
DA:174,0
DA:182,24
DA:184,24
DA:185,24
DA:186,0
DA:187,0
DA:188,0
DA:197,24
DA:198,24
DA:199,24
DA:200,0
DA:208,24
DA:209,24
DA:211,24
DA:212,0
DA:220,24
DA:221,24
DA:222,24
DA:223,19
DA:232,5
LF:80
LH:41
BRDA:44,0,0,0
BRDA:44,0,1,24
BRDA:47,1,0,0
BRDA:47,1,1,24
BRDA:56,2,0,24
BRDA:56,2,1,0
BRDA:60,3,0,0
BRDA:60,3,1,0
BRDA:74,4,0,0
BRDA:74,4,1,24
BRDA:74,5,0,24
BRDA:74,5,1,24
BRDA:84,6,0,0
BRDA:84,6,1,24
BRDA:106,7,0,0
BRDA:106,7,1,24
BRDA:111,8,0,0
BRDA:111,8,1,0
BRDA:115,9,0,0
BRDA:115,9,1,0
BRDA:117,10,0,0
BRDA:117,10,1,0
BRDA:121,11,0,0
BRDA:121,11,1,0
BRDA:124,12,0,0
BRDA:124,12,1,0
BRDA:131,13,0,0
BRDA:131,13,1,0
BRDA:138,14,0,0
BRDA:138,14,1,24
BRDA:141,15,0,24
BRDA:141,15,1,0
BRDA:145,16,0,0
BRDA:145,16,1,0
BRDA:149,17,0,0
BRDA:149,17,1,0
BRDA:152,18,0,0
BRDA:152,18,1,0
BRDA:166,19,0,24
BRDA:168,20,0,0
BRDA:172,21,0,24
BRDA:172,21,1,24
BRDA:173,22,0,0
BRDA:173,22,1,24
BRDA:185,23,0,0
BRDA:185,23,1,24
BRDA:185,24,0,24
BRDA:185,24,1,0
BRDA:185,24,2,0
BRDA:187,25,0,0
BRDA:187,25,1,0
BRDA:199,26,0,0
BRDA:199,26,1,24
BRDA:211,27,0,0
BRDA:211,27,1,24
BRDA:222,28,0,19
BRDA:222,28,1,5
BRDA:226,29,0,19
BRDA:226,29,1,19
BRF:59
BRH:22
end_of_record
TN:
SF:src/webhooks/testing.webhook.ts
FN:11,toBuffer
FN:25,generateTestWebhookSignature
FN:33,isWebhookVerificationBypassed
FN:40,setWebhookVerificationBypass
FN:44,withWebhookVerificationDisabled
FN:70,createMockWebhookRequest
FN:85,createMockWebhookResponse
FN:90,(anonymous_7)
FN:94,(anonymous_8)
FN:99,(anonymous_9)
FNF:10
FNH:6
FNDA:24,toBuffer
FNDA:24,generateTestWebhookSignature
FNDA:13,isWebhookVerificationBypassed
FNDA:0,setWebhookVerificationBypass
FNDA:0,withWebhookVerificationDisabled
FNDA:0,createMockWebhookRequest
FNDA:13,createMockWebhookResponse
FNDA:5,(anonymous_7)
FNDA:5,(anonymous_8)
FNDA:0,(anonymous_9)
DA:7,11
DA:9,11
DA:12,24
DA:13,0
DA:15,24
DA:16,0
DA:18,24
DA:19,24
DA:20,24
DA:22,0
DA:29,24
DA:30,24
DA:34,13
DA:35,0
DA:37,13
DA:41,0
DA:45,0
DA:46,0
DA:47,0
DA:48,0
DA:50,0
DA:71,0
DA:72,0
DA:73,0
DA:74,0
DA:82,0
DA:86,13
DA:91,5
DA:92,5
DA:95,5
DA:96,5
DA:97,5
DA:100,0
DA:101,0
DA:102,0
LF:35
LH:17
BRDA:12,0,0,0
BRDA:12,0,1,24
BRDA:15,1,0,0
BRDA:15,1,1,24
BRDA:18,2,0,24
BRDA:18,2,1,0
BRDA:27,3,0,24
BRDA:34,4,0,0
BRDA:34,4,1,13
BRDA:34,5,0,13
BRDA:34,5,1,13
BRDA:71,6,0,0
BRDA:71,7,0,0
BRDA:76,8,0,0
BRDA:76,8,1,0
BRF:15
BRH:7
end_of_record
TN:
SF:src/webhooks/events/base.event.ts
FN:15,registerEventHandler
FN:20,(anonymous_1)
FN:25,createEventPredicate
FN:26,(anonymous_3)
FNF:4
FNH:4
FNDA:16,registerEventHandler
FNDA:11,(anonymous_1)
FNDA:88,createEventPredicate
FNDA:8,(anonymous_3)
DA:20,16
DA:21,11
DA:26,88
LF:3
LH:3
BRF:0
BRH:0
end_of_record
TN:
SF:src/webhooks/events/compliance-updated.event.ts
FN:38,onComplianceUpdated
FN:42,assertComplianceUpdatedEvent
FN:48,isKycComplete
FN:52,isAgreementRejected
FN:56,complianceStatusSummary
FNF:5
FNH:5
FNDA:2,onComplianceUpdated
FNDA:1,assertComplianceUpdatedEvent
FNDA:2,isKycComplete
FNDA:4,isAgreementRejected
FNDA:2,complianceStatusSummary
DA:6,11
DA:19,11
DA:27,11
DA:36,11
DA:39,2
DA:43,1
DA:44,0
DA:49,2
DA:53,4
DA:57,2
DA:58,2
DA:59,2
DA:60,2
DA:61,2
DA:62,2
DA:63,2
DA:64,2
DA:66,2
LF:18
LH:17
BRDA:43,0,0,0
BRDA:43,0,1,1
BRDA:53,1,0,4
BRDA:53,1,1,3
BRDA:58,2,0,2
BRDA:58,2,1,0
BRDA:59,3,0,2
BRDA:59,3,1,0
BRDA:62,4,0,2
BRDA:62,4,1,0
BRF:10
BRH:6
end_of_record
TN:
SF:src/webhooks/events/payment-confirmed.event.ts
FN:18,onPaymentConfirmed
FN:22,assertPaymentConfirmedEvent
FNF:2
FNH:2
FNDA:4,onPaymentConfirmed
FNDA:1,assertPaymentConfirmedEvent
DA:6,11
DA:16,11
DA:19,4
DA:25,1
DA:26,0
LF:5
LH:4
BRDA:25,0,0,0
BRDA:25,0,1,1
BRF:2
BRH:1
end_of_record
TN:
SF:src/webhooks/events/payment-detail-updated.event.ts
FN:22,onPaymentDetailUpdated
FN:26,assertPaymentDetailUpdatedEvent
FN:32,isPaymentDetailApproved
FN:36,isPaymentDetailRejected
FN:40,isPaymentDetailPending
FN:44,isPaymentDetailVerified
FNF:6
FNH:6
FNDA:2,onPaymentDetailUpdated
FNDA:1,assertPaymentDetailUpdatedEvent
FNDA:4,isPaymentDetailApproved
FNDA:4,isPaymentDetailRejected
FNDA:4,isPaymentDetailPending
FNDA:1,isPaymentDetailVerified
DA:6,11
DA:10,11
DA:20,11
DA:23,2
DA:27,1
DA:28,0
DA:33,4
DA:37,4
DA:41,4
DA:45,1
LF:10
LH:9
BRDA:27,0,0,0
BRDA:27,0,1,1
BRF:2
BRH:1
end_of_record
TN:
SF:src/webhooks/events/payment-failed.event.ts
FN:22,onPaymentFailed
FN:26,assertPaymentFailedEvent
FN:32,isBouncedFailure
FN:36,isInsufficientFundsFailure
FNF:4
FNH:4
FNDA:3,onPaymentFailed
FNDA:1,assertPaymentFailedEvent
FNDA:2,isBouncedFailure
FNDA:2,isInsufficientFundsFailure
DA:6,11
DA:10,11
DA:20,11
DA:23,3
DA:27,1
DA:28,0
DA:33,2
DA:37,2
LF:8
LH:7
BRDA:27,0,0,0
BRDA:27,0,1,1
BRF:2
BRH:1
end_of_record
TN:
SF:src/webhooks/events/payment-partial.event.ts
FN:18,onPaymentPartial
FN:22,assertPaymentPartialEvent
FNF:2
FNH:2
FNDA:1,onPaymentPartial
FNDA:1,assertPaymentPartialEvent
DA:6,11
DA:16,11
DA:19,1
DA:23,1
DA:24,0
LF:5
LH:4
BRDA:23,0,0,0
BRDA:23,0,1,1
BRF:2
BRH:1
end_of_record
TN:
SF:src/webhooks/events/payment-processing.event.ts
FN:44,onPaymentProcessing
FN:48,assertPaymentProcessingEvent
FN:54,isProcessingTerminalStatus
FN:58,processingStageLabel
FN:62,isRetryRequired
FNF:5
FNH:5
FNDA:2,onPaymentProcessing
FNDA:1,assertPaymentProcessingEvent
FNDA:9,isProcessingTerminalStatus
FNDA:9,processingStageLabel
FNDA:9,isRetryRequired
DA:6,11
DA:10,11
DA:29,11
DA:31,11
DA:42,11
DA:45,2
DA:49,1
DA:50,0
DA:55,9
DA:59,9
DA:63,9
LF:11
LH:10
BRDA:49,0,0,0
BRDA:49,0,1,1
BRF:2
BRH:1
end_of_record
TN:
SF:src/webhooks/events/payment-refunded.event.ts
FN:18,onPaymentRefunded
FN:22,assertPaymentRefundedEvent
FNF:2
FNH:2
FNDA:1,onPaymentRefunded
FNDA:1,assertPaymentRefundedEvent
DA:6,11
DA:16,11
DA:19,1
DA:23,1
DA:24,0
LF:5
LH:4
BRDA:23,0,0,0
BRDA:23,0,1,1
BRF:2
BRH:1
end_of_record
TN:
SF:src/webhooks/events/request-recurring.event.ts
FN:18,onRequestRecurring
FN:22,assertRequestRecurringEvent
FNF:2
FNH:2
FNDA:1,onRequestRecurring
FNDA:1,assertRequestRecurringEvent
DA:6,11
DA:16,11
DA:19,1
DA:23,1
DA:24,0
LF:5
LH:4
BRDA:23,0,0,0
BRDA:23,0,1,1
BRF:2
BRH:1
end_of_record
